0 info it worked if it ends with ok
1 verbose cli [ 'node', '/usr/local/bin/npm', 'run', 'test' ]
2 info using npm@1.4.28
3 info using node@v0.10.35
4 verbose run-script [ 'pretest', 'test', 'posttest' ]
5 info pretest lokijs@1.3.10
6 verbose unsafe-perm in lifecycle true
7 info test lokijs@1.3.10
8 verbose unsafe-perm in lifecycle true
9 info lokijs@1.3.10 Failed to exec test script
10 error lokijs@1.3.10 test: `npm run test:browser && npm run test:node`
10 error Exit status 1
11 error Failed at the lokijs@1.3.10 test script.
11 error This is most likely a problem with the lokijs package,
11 error not with npm itself.
11 error Tell the author that this fails on your system:
11 error     npm run test:browser && npm run test:node
11 error You can get their info via:
11 error     npm owner ls lokijs
11 error There is likely additional logging output above.
12 error System Darwin 14.5.0
13 error command "node" "/usr/local/bin/npm" "run" "test"
14 error cwd /Users/phylogenesis/Documents/Source/lokijs
15 error node -v v0.10.35
16 error npm -v 1.4.28
17 error code ELIFECYCLE
18 verbose exit [ 1, true ]
